----------------------------------------------------------------
<<<<<<< HEAD
Mon Apr 20 21:55:53 EDT 2020:
Booting Derby version The Apache Software Foundation - Apache Derby - 10.10.2.0 - (1582446): instance a816c00e-0171-9a72-e5cc-00000e57be18 
on database directory C:\Documents\CS320\Minotaurs_Labyrinth\labyrinth.db with class loader sun.misc.Launcher$AppClassLoader@73d16e93 
Loaded from file:/D:/Documents/CS320/CS320_Derby/lib/derby.jar
java.vendor=Oracle Corporation
java.runtime.version=1.8.0_231-b11
user.dir=D:\Documents\CS320\Minotaurs_Labyrinth
=======
Mon Apr 20 19:00:37 EDT 2020:
Booting Derby version The Apache Software Foundation - Apache Derby - 10.10.2.0 - (1582446): instance a816c00e-0171-99d2-6c0a-00000a2b2030 
on database directory C:\Documents\CS320\Minotaurs_Labyrinth\labyrinth.db with class loader sun.misc.Launcher$AppClassLoader@73d16e93 
Loaded from file:/F:/College/Sophomore/Semester_2/CS_320/CS320_Derby/lib/derby.jar
java.vendor=Oracle Corporation
java.runtime.version=1.8.0_202-b08
user.dir=C:\Users\yacde\git\Minotaurs_Labyrinth
>>>>>>> branch 'master' of git@github.com:andersonjackc/Minotaurs_Labyrinth.git
os.name=Windows 10
os.arch=amd64
os.version=10.0
derby.system.home=null
Database Class Loader started - derby.database.classpath=''
